#
# There is insufficient memory for the Java Runtime Environment to continue.
# Native memory allocation (malloc) failed to allocate 1053696 bytes for Chunk::new
# Possible reasons:
#   The system is out of physical RAM or swap space
#   The process is running with CompressedOops enabled, and the Java Heap may be blocking the growth of the native heap
# Possible solutions:
#   Reduce memory load on the system
#   Increase physical memory or swap space
#   Check if swap backing store is full
#   Decrease Java heap size (-Xmx/-Xms)
#   Decrease number of Java threads
#   Decrease Java thread stack sizes (-Xss)
#   Set larger code cache with -XX:ReservedCodeCacheSize=
#   JVM is running with Unscaled Compressed Oops mode in which the Java heap is
#     placed in the first 4GB address space. The Java Heap base address is the
#     maximum limit for the native heap growth. Please use -XX:HeapBaseMinAddress
#     to set the Java Heap base and to place the Java Heap above 4GB virtual address.
# This output file may be truncated or incomplete.
#
#  Out of Memory Error (allocation.cpp:389), pid=9224, tid=0x00000000000001d4
#
# JRE version: OpenJDK Runtime Environment (8.0_202-b03) (build 1.8.0_202-release-1483-b03)
# Java VM: OpenJDK 64-Bit Server VM (25.202-b03 mixed mode windows-amd64 compressed oops)
# Failed to write core dump. Minidumps are not enabled by default on client versions of Windows
#

---------------  T H R E A D  ---------------

Current thread (0x0000000016965800):  JavaThread "C2 CompilerThread1" daemon [_thread_in_native, id=468, stack(0x00000000180d0000,0x00000000181d0000)]

Stack: [0x00000000180d0000,0x00000000181d0000]
[error occurred during error reporting (printing stack bounds), id 0xc0000005]

Native frames: (J=compiled Java code, j=interpreted, Vv=VM code, C=native code)


Current CompileTask:
C2: 574790 19805       4       com.android.tools.r8.ir.conversion.IRBuilder::processWorklist (350 bytes)


---------------  P R O C E S S  ---------------

Java Threads: ( => current thread )
  0x000000001fd3b000 JavaThread "ForkJoinPool.commonPool-worker-3" daemon [_thread_new, id=4584, stack(0x0000000000000000,0x0000000000000000)]
  0x000000001fd35800 JavaThread "ForkJoinPool.commonPool-worker-2" daemon [_thread_in_vm, id=14184, stack(0x00000000260c0000,0x00000000261c0000)]
  0x000000001d5a2800 JavaThread "Cache worker for execution history cache (C:\Users\bruno\AndroidStudioProjects\Demo01\.gradle\5.1.1\executionHistory)" [_thread_blocked, id=3448, stack(0x0000000025fc0000,0x00000000260c0000)]
  0x000000001d5a8000 JavaThread "Execution worker for ':' Thread 3" [_thread_blocked, id=5532, stack(0x0000000025ec0000,0x0000000025fc0000)]
  0x0000000020be3800 JavaThread "Execution worker for ':' Thread 2" [_thread_in_Java, id=12196, stack(0x0000000025bb0000,0x0000000025cb0000)]
  0x0000000020be4000 JavaThread "Execution worker for ':'" [_thread_blocked, id=5364, stack(0x0000000025890000,0x0000000025990000)]
  0x0000000020be2800 JavaThread "Cache worker for file content cache (C:\Users\bruno\AndroidStudioProjects\Demo01\.gradle\5.1.1\fileContent)" [_thread_blocked, id=12092, stack(0x0000000025ab0000,0x0000000025bb0000)]
  0x0000000020be2000 JavaThread "Cache worker for file content cache (C:\Users\bruno\.gradle\caches\5.1.1\fileContent)" [_thread_blocked, id=14932, stack(0x00000000259b0000,0x0000000025ab0000)]
  0x0000000020be1000 JavaThread "Cache worker for Build Output Cleanup Cache (C:\Users\bruno\AndroidStudioProjects\Demo01\.gradle\buildOutputCleanup)" [_thread_blocked, id=10560, stack(0x0000000024720000,0x0000000024820000)]
  0x0000000020be0800 JavaThread "Build operations Thread 4" [_thread_blocked, id=11484, stack(0x0000000024340000,0x0000000024440000)]
  0x0000000020bdf000 JavaThread "Build operations Thread 3" [_thread_blocked, id=15504, stack(0x0000000024240000,0x0000000024340000)]
  0x0000000020bdf800 JavaThread "Build operations Thread 2" [_thread_blocked, id=6140, stack(0x0000000022740000,0x0000000022840000)]
  0x0000000020bde000 JavaThread "Build operations" [_thread_blocked, id=8068, stack(0x0000000022640000,0x0000000022740000)]
  0x0000000020bd6800 JavaThread "Cache worker for cache directory md-rule (C:\Users\bruno\.gradle\caches\5.1.1\md-rule)" [_thread_blocked, id=6252, stack(0x0000000020570000,0x0000000020670000)]
  0x0000000020bdd800 JavaThread "Cache worker for cache directory md-supplier (C:\Users\bruno\.gradle\caches\5.1.1\md-supplier)" [_thread_blocked, id=14180, stack(0x000000001efc0000,0x000000001f0c0000)]
  0x0000000020bd9000 JavaThread "Cache worker for file hash cache (C:\Users\bruno\AndroidStudioProjects\Demo01\.gradle\5.1.1\fileHashes)" [_thread_blocked, id=14620, stack(0x000000001d6f0000,0x000000001d7f0000)]
  0x0000000020bd9800 JavaThread "Thread-31" [_thread_blocked, id=10440, stack(0x000000001b150000,0x000000001b250000)]
  0x0000000020bdc800 JavaThread "Stdin handler" [_thread_blocked, id=3624, stack(0x000000001af50000,0x000000001b050000)]
  0x0000000020bd5000 JavaThread "Asynchronous log dispatcher for DefaultDaemonConnection: socket connection from /127.0.0.1:53924 to /127.0.0.1:54106" [_thread_blocked, id=12380, stack(0x000000001ae50000,0x000000001af50000)]
  0x0000000020bdc000 JavaThread "Daemon worker Thread 2" [_thread_blocked, id=2928, stack(0x000000001ad50000,0x000000001ae50000)]
  0x0000000020bd8000 JavaThread "Cancel handler" [_thread_blocked, id=9752, stack(0x000000001aa50000,0x000000001ab50000)]
  0x0000000020bd7800 JavaThread "Handler for socket connection from /127.0.0.1:53924 to /127.0.0.1:54106" [_thread_in_native, id=12956, stack(0x000000001a950000,0x000000001aa50000)]
  0x0000000020bd6000 JavaThread "Daemon Thread 2" [_thread_blocked, id=15228, stack(0x0000000001340000,0x0000000001440000)]
  0x000000001d5aa000 JavaThread "Memory manager" [_thread_blocked, id=15060, stack(0x000000001b050000,0x000000001b150000)]
  0x000000001d5a2000 JavaThread "Cache worker for execution history cache (C:\Users\bruno\.gradle\caches\5.1.1\executionHistory)" [_thread_blocked, id=12032, stack(0x0000000020670000,0x0000000020770000)]
  0x0000000018a66000 JavaThread "Cache worker for journal cache (C:\Users\bruno\.gradle\caches\journal-1)" [_thread_blocked, id=11252, stack(0x000000001c420000,0x000000001c520000)]
  0x0000000018a69800 JavaThread "File lock request listener" [_thread_in_native, id=15916, stack(0x000000001c320000,0x000000001c420000)]
  0x0000000018549000 JavaThread "Cache worker for file hash cache (C:\Users\bruno\.gradle\caches\5.1.1\fileHashes)" [_thread_blocked, id=9588, stack(0x000000001c220000,0x000000001c320000)]
  0x0000000019df2000 JavaThread "Daemon periodic checks" [_thread_blocked, id=14864, stack(0x000000001a850000,0x000000001a950000)]
  0x0000000019df1000 JavaThread "Incoming local TCP Connector on port 53924" [_thread_in_native, id=8012, stack(0x000000001a5e0000,0x000000001a6e0000)]
  0x00000000169be800 JavaThread "Service Thread" daemon [_thread_blocked, id=10608, stack(0x00000000186d0000,0x00000000187d0000)]
  0x0000000016969800 JavaThread "C1 CompilerThread2" daemon [_thread_in_vm, id=7896, stack(0x00000000181d0000,0x00000000182d0000)]
=>0x0000000016965800 JavaThread "C2 CompilerThread1" daemon [_thread_in_native, id=468, stack(0x00000000180d0000,0x00000000181d0000)]
  0x000000001695e800 JavaThread "C2 CompilerThread0" daemon [_thread_in_native, id=1088, stack(0x0000000017fd0000,0x00000000180d0000)]
  0x000000001695c000 JavaThread "Attach Listener" daemon [_thread_blocked, id=16364, stack(0x0000000017ed0000,0x0000000017fd0000)]
  0x000000001695b000 JavaThread "Signal Dispatcher" daemon [_thread_blocked, id=9448, stack(0x0000000017dd0000,0x0000000017ed0000)]
  0x0000000002fec000 JavaThread "Finalizer" daemon [_thread_blocked, id=11656, stack(0x0000000017bb0000,0x0000000017cb0000)]
  0x0000000016949000 JavaThread "Reference Handler" daemon [_thread_blocked, id=9072, stack(0x0000000017ab0000,0x0000000017bb0000)]
  0x0000000002eed800 JavaThread "main" [_thread_blocked, id=6168, stack(0x0000000002d00000,0x0000000002e00000)]

Other Threads:
  0x0000000016925800 VMThread [stack: 0x00000000179b0000,0x0000000017ab0000] [id=13956]
  0x00000000182f5800 WatcherThread [stack: 0x00000000187d0000,0x00000000188d0000] [id=2612]

VM state:not at safepoint (normal execution)

VM Mutex/Monitor currently owned by a thread:  ([mutex/lock_event])
[0x0000000002eed000] Threads_lock - owner thread: 0x000000001fd35800

heap address: 0x00000000a0000000, size: 1536 MB, Compressed Oops mode: 32-bit
Narrow klass base: 0x0000000000000000, Narrow klass shift: 3
Compressed class space size: 1073741824 Address: 0x0000000100000000

Heap:
 PSYoungGen      total 431616K, used 353139K [0x00000000e0000000, 0x0000000100000000, 0x0000000100000000)
  eden space 387072K, 79% used [0x00000000e0000000,0x00000000f2d5d0a0,0x00000000f7a00000)
  from space 44544K, 99% used [0x00000000fd480000,0x00000000ffffff40,0x0000000100000000)
  to   space 68608K, 0% used [0x00000000f7a00000,0x00000000f7a00000,0x00000000fbd00000)
 ParOldGen       total 189440K, used 120458K [0x00000000a0000000, 0x00000000ab900000, 0x00000000e0000000)
  object space 189440K, 63% used [0x00000000a0000000,0x00000000a75a2910,0x00000000ab900000)
 Metaspace       used 92663K, capacity 96508K, committed 96640K, reserved 1134592K
  class space    used 11576K, capacity 12314K, committed 12416K, reserved 1048576K

Card table byte_map: [0x00000000123b0000,0x00000000126c0000] byte_map_base: 0x0000000011eb0000

Marking Bits: (ParMarkBitMap*) 0x00000000735b9f30
 Begin Bits: [0x0000000012cc0000, 0x00000000144c0000)
 End Bits:   [0x00000000144c0000, 0x0000000015cc0000)

Polling page: 0x00000000014b0000

CodeCache: size=245760Kb used=54915Kb max_used=54944Kb free=190844Kb
 bounds [0x0000000002ff0000, 0x00000000065e0000, 0x0000000011ff0000]
 total_blobs=17255 nmethods=16354 adapters=809
 compilation: disabled (not enough contiguous free space left)

Compilation events (10 events):
Event: 574.765 Thread 0x0000000016969800 nmethod 19852 0x00000000065c3ad0 code [0x00000000065c3c40, 0x00000000065c3dc8]
Event: 574.768 Thread 0x0000000016969800 19853       2       com.android.tools.r8.ir.conversion.JarSourceCode::makeArrayType (31 bytes)
Event: 574.768 Thread 0x0000000016969800 nmethod 19853 0x00000000065c6210 code [0x00000000065c63c0, 0x00000000065c6788]
Event: 574.771 Thread 0x0000000016969800 19854       1       com.android.tools.r8.com.google.common.collect.RegularImmutableMultiset::getEntry (7 bytes)
Event: 574.771 Thread 0x0000000016969800 nmethod 19854 0x00000000065c5ed0 code [0x00000000065c6020, 0x00000000065c6150]
Event: 574.776 Thread 0x0000000016969800 19855       2       com.android.tools.r8.ir.code.InvokeInterface::getType (4 bytes)
Event: 574.776 Thread 0x0000000016969800 nmethod 19855 0x00000000065c5b90 code [0x00000000065c5ce0, 0x00000000065c5e30]
Event: 574.777 Thread 0x0000000016969800 19856       2       com.android.tools.r8.ir.conversion.IRBuilder::addArrayLength (63 bytes)
Event: 574.777 Thread 0x0000000016969800 nmethod 19856 0x00000000065c5650 code [0x00000000065c57e0, 0x00000000065c5a38]
Event: 574.788 Thread 0x0000000016969800 19857 %     3       com.android.tools.r8.ir.regalloc.LinearScanRegisterAllocator::computeLiveRanges @ 169 (211 bytes)

GC Heap History (10 events):
Event: 353.026 GC heap before
{Heap before GC invocations=21 (full 3):
 PSYoungGen      total 499712K, used 499696K [0x00000000e0000000, 0x0000000100000000, 0x0000000100000000)
  eden space 475136K, 100% used [0x00000000e0000000,0x00000000fd000000,0x00000000fd000000)
  from space 24576K, 99% used [0x00000000fd000000,0x00000000fe7fc108,0x00000000fe800000)
  to   space 24576K, 0% used [0x00000000fe800000,0x00000000fe800000,0x0000000100000000)
 ParOldGen       total 189440K, used 46504K [0x00000000a0000000, 0x00000000ab900000, 0x00000000e0000000)
  object space 189440K, 24% used [0x00000000a0000000,0x00000000a2d6a1e0,0x00000000ab900000)
 Metaspace       used 76016K, capacity 78674K, committed 78720K, reserved 1118208K
  class space    used 9812K, capacity 10363K, committed 10368K, reserved 1048576K
Event: 353.077 GC heap after
Heap after GC invocations=21 (full 3):
 PSYoungGen      total 467968K, used 24575K [0x00000000e0000000, 0x0000000100000000, 0x0000000100000000)
  eden space 443392K, 0% used [0x00000000e0000000,0x00000000e0000000,0x00000000fb100000)
  from space 24576K, 99% used [0x00000000fe800000,0x00000000fffffd00,0x0000000100000000)
  to   space 40448K, 0% used [0x00000000fb100000,0x00000000fb100000,0x00000000fd880000)
 ParOldGen       total 189440K, used 71783K [0x00000000a0000000, 0x00000000ab900000, 0x00000000e0000000)
  object space 189440K, 37% used [0x00000000a0000000,0x00000000a4619e00,0x00000000ab900000)
 Metaspace       used 76016K, capacity 78674K, committed 78720K, reserved 1118208K
  class space    used 9812K, capacity 10363K, committed 10368K, reserved 1048576K
}
Event: 354.883 GC heap before
{Heap before GC invocations=22 (full 3):
 PSYoungGen      total 467968K, used 467967K [0x00000000e0000000, 0x0000000100000000, 0x0000000100000000)
  eden space 443392K, 100% used [0x00000000e0000000,0x00000000fb100000,0x00000000fb100000)
  from space 24576K, 99% used [0x00000000fe800000,0x00000000fffffd00,0x0000000100000000)
  to   space 40448K, 0% used [0x00000000fb100000,0x00000000fb100000,0x00000000fd880000)
 ParOldGen       total 189440K, used 71783K [0x00000000a0000000, 0x00000000ab900000, 0x00000000e0000000)
  object space 189440K, 37% used [0x00000000a0000000,0x00000000a4619e00,0x00000000ab900000)
 Metaspace       used 77493K, capacity 80164K, committed 80256K, reserved 1118208K
  class space    used 9971K, capacity 10558K, committed 10624K, reserved 1048576K
Event: 354.910 GC heap after
Heap after GC invocations=22 (full 3):
 PSYoungGen      total 483840K, used 14863K [0x00000000e0000000, 0x0000000100000000, 0x0000000100000000)
  eden space 443392K, 0% used [0x00000000e0000000,0x00000000e0000000,0x00000000fb100000)
  from space 40448K, 36% used [0x00000000fb100000,0x00000000fbf83ed0,0x00000000fd880000)
  to   space 38400K, 0% used [0x00000000fda80000,0x00000000fda80000,0x0000000100000000)
 ParOldGen       total 189440K, used 83736K [0x00000000a0000000, 0x00000000ab900000, 0x00000000e0000000)
  object space 189440K, 44% used [0x00000000a0000000,0x00000000a51c62d8,0x00000000ab900000)
 Metaspace       used 77493K, capacity 80164K, committed 80256K, reserved 1118208K
  class space    used 9971K, capacity 10558K, committed 10624K, reserved 1048576K
}
Event: 567.370 GC heap before
{Heap before GC invocations=23 (full 3):
 PSYoungGen      total 483840K, used 458255K [0x00000000e0000000, 0x0000000100000000, 0x0000000100000000)
  eden space 443392K, 100% used [0x00000000e0000000,0x00000000fb100000,0x00000000fb100000)
  from space 40448K, 36% used [0x00000000fb100000,0x00000000fbf83ed0,0x00000000fd880000)
  to   space 38400K, 0% used [0x00000000fda80000,0x00000000fda80000,0x0000000100000000)
 ParOldGen       total 189440K, used 83736K [0x00000000a0000000, 0x00000000ab900000, 0x00000000e0000000)
  object space 189440K, 44% used [0x00000000a0000000,0x00000000a51c62d8,0x00000000ab900000)
 Metaspace       used 90493K, capacity 94242K, committed 94464K, reserved 1132544K
  class space    used 11432K, capacity 12191K, committed 12288K, reserved 1048576K
Event: 567.403 GC heap after
Heap after GC invocations=23 (full 3):
 PSYoungGen      total 473600K, used 38384K [0x00000000e0000000, 0x0000000100000000, 0x0000000100000000)
  eden space 435200K, 0% used [0x00000000e0000000,0x00000000e0000000,0x00000000fa900000)
  from space 38400K, 99% used [0x00000000fda80000,0x00000000ffffc240,0x0000000100000000)
  to   space 44544K, 0% used [0x00000000fa900000,0x00000000fa900000,0x00000000fd480000)
 ParOldGen       total 189440K, used 84913K [0x00000000a0000000, 0x00000000ab900000, 0x00000000e0000000)
  object space 189440K, 44% used [0x00000000a0000000,0x00000000a52ec598,0x00000000ab900000)
 Metaspace       used 90493K, capacity 94242K, committed 94464K, reserved 1132544K
  class space    used 11432K, capacity 12191K, committed 12288K, reserved 1048576K
}
Event: 569.649 GC heap before
{Heap before GC invocations=24 (full 3):
 PSYoungGen      total 473600K, used 473584K [0x00000000e0000000, 0x0000000100000000, 0x0000000100000000)
  eden space 435200K, 100% used [0x00000000e0000000,0x00000000fa900000,0x00000000fa900000)
  from space 38400K, 99% used [0x00000000fda80000,0x00000000ffffc240,0x0000000100000000)
  to   space 44544K, 0% used [0x00000000fa900000,0x00000000fa900000,0x00000000fd480000)
 ParOldGen       total 189440K, used 84913K [0x00000000a0000000, 0x00000000ab900000, 0x00000000e0000000)
  object space 189440K, 44% used [0x00000000a0000000,0x00000000a52ec598,0x00000000ab900000)
 Metaspace       used 91412K, capacity 95168K, committed 95232K, reserved 1132544K
  class space    used 11475K, capacity 12236K, committed 12288K, reserved 1048576K
Event: 569.722 GC heap after
Heap after GC invocations=24 (full 3):
 PSYoungGen      total 479744K, used 44528K [0x00000000e0000000, 0x0000000100000000, 0x0000000100000000)
  eden space 435200K, 0% used [0x00000000e0000000,0x00000000e0000000,0x00000000fa900000)
  from space 44544K, 99% used [0x00000000fa900000,0x00000000fd47c340,0x00000000fd480000)
  to   space 44544K, 0% used [0x00000000fd480000,0x00000000fd480000,0x0000000100000000)
 ParOldGen       total 189440K, used 101646K [0x00000000a0000000, 0x00000000ab900000, 0x00000000e0000000)
  object space 189440K, 53% used [0x00000000a0000000,0x00000000a6343ac8,0x00000000ab900000)
 Metaspace       used 91412K, capacity 95168K, committed 95232K, reserved 1132544K
  class space    used 11475K, capacity 12236K, committed 12288K, reserved 1048576K
}
Event: 572.283 GC heap before
{Heap before GC invocations=25 (full 3):
 PSYoungGen      total 479744K, used 479728K [0x00000000e0000000, 0x0000000100000000, 0x0000000100000000)
  eden space 435200K, 100% used [0x00000000e0000000,0x00000000fa900000,0x00000000fa900000)
  from space 44544K, 99% used [0x00000000fa900000,0x00000000fd47c340,0x00000000fd480000)
  to   space 44544K, 0% used [0x00000000fd480000,0x00000000fd480000,0x0000000100000000)
 ParOldGen       total 189440K, used 101646K [0x00000000a0000000, 0x00000000ab900000, 0x00000000e0000000)
  object space 189440K, 53% used [0x00000000a0000000,0x00000000a6343ac8,0x00000000ab900000)
 Metaspace       used 92342K, capacity 96182K, committed 96384K, reserved 1132544K
  class space    used 11555K, capacity 12313K, committed 12416K, reserved 1048576K
Event: 572.371 GC heap after
Heap after GC invocations=25 (full 3):
 PSYoungGen      total 431616K, used 44543K [0x00000000e0000000, 0x0000000100000000, 0x0000000100000000)
  eden space 387072K, 0% used [0x00000000e0000000,0x00000000e0000000,0x00000000f7a00000)
  from space 44544K, 99% used [0x00000000fd480000,0x00000000ffffff40,0x0000000100000000)
  to   space 68608K, 0% used [0x00000000f7a00000,0x00000000f7a00000,0x00000000fbd00000)
 ParOldGen       total 189440K, used 120458K [0x00000000a0000000, 0x00000000ab900000, 0x00000000e0000000)
  object space 189440K, 63% used [0x00000000a0000000,0x00000000a75a2910,0x00000000ab900000)
 Metaspace       used 92342K, capacity 96182K, committed 96384K, reserved 1132544K
  class space    used 11555K, capacity 12313K, committed 12416K, reserved 1048576K
}

Deoptimization events (10 events):
Event: 571.313 Thread 0x0000000020be3800 Uncommon trap: reason=unstable_if action=reinterpret pc=0x0000000004fc65f8 method=com.android.tools.r8.graph.DexString.decode()Ljava/lang/String; @ 53
Event: 572.156 Thread 0x0000000020be4000 Uncommon trap: reason=unstable_if action=reinterpret pc=0x000000000544e6e4 method=com.sun.org.apache.xerces.internal.impl.XMLEntityScanner.scanLiteral(ILcom/sun/org/apache/xerces/internal/xni/XMLString;Z)I @ 44
Event: 572.647 Thread 0x0000000020be4000 Uncommon trap: reason=unstable_if action=reinterpret pc=0x00000000056ab630 method=com.android.utils.PositionXmlParser$DomBuilder.findOpeningTag(Lcom/android/utils/PositionXmlParser$Position;)Lcom/android/utils/PositionXmlParser$Position; @ 81
Event: 572.649 Thread 0x0000000020be4000 Uncommon trap: reason=unstable_if action=reinterpret pc=0x0000000004a90d2c method=com.android.utils.PositionXmlParser$DomBuilder.findOpeningTag(Lcom/android/utils/PositionXmlParser$Position;)Lcom/android/utils/PositionXmlParser$Position; @ 81
Event: 572.873 Thread 0x0000000020be4000 Uncommon trap: reason=unstable_if action=reinterpret pc=0x000000000595e38c method=sun.nio.cs.UTF_8$Encoder.encodeArrayLoop(Ljava/nio/CharBuffer;Ljava/nio/ByteBuffer;)Ljava/nio/charset/CoderResult; @ 87
Event: 574.345 Thread 0x0000000020be4000 Uncommon trap: reason=bimorphic action=maybe_recompile pc=0x00000000064e73e8 method=com.sun.org.apache.xerces.internal.dom.ParentNode.checkNormalizationAfterInsert(Lcom/sun/org/apache/xerces/internal/dom/ChildNode;)V @ 23
Event: 574.345 Thread 0x0000000020be4000 Uncommon trap: reason=bimorphic action=maybe_recompile pc=0x00000000064e73e8 method=com.sun.org.apache.xerces.internal.dom.ParentNode.checkNormalizationAfterInsert(Lcom/sun/org/apache/xerces/internal/dom/ChildNode;)V @ 23
Event: 574.345 Thread 0x0000000020be4000 Uncommon trap: reason=bimorphic action=maybe_recompile pc=0x00000000064e73e8 method=com.sun.org.apache.xerces.internal.dom.ParentNode.checkNormalizationAfterInsert(Lcom/sun/org/apache/xerces/internal/dom/ChildNode;)V @ 23
Event: 574.345 Thread 0x0000000020be4000 Uncommon trap: reason=bimorphic action=maybe_recompile pc=0x00000000064e73e8 method=com.sun.org.apache.xerces.internal.dom.ParentNode.checkNormalizationAfterInsert(Lcom/sun/org/apache/xerces/internal/dom/ChildNode;)V @ 23
Event: 574.554 Thread 0x0000000020be4000 Uncommon trap: reason=unstable_if action=reinterpret pc=0x00000000064ce718 method=com.android.utils.XmlUtils.toXmlAttributeValue(Ljava/lang/String;)Ljava/lang/String; @ 33

Classes redefined (0 events):
No events

Internal exceptions (10 events):
Event: 567.009 Thread 0x0000000020bdc000 Exception <a 'sun/nio/fs/WindowsException'> (0x00000000f9134710) thrown at [D:\src\AOSP-openjdk-cygwin\jdk8u\hotspot\src\share\vm\prims\jni.cpp, line 710]
Event: 567.479 Thread 0x0000000020be3800 Exception <a 'sun/nio/fs/WindowsException'> (0x00000000e08f72f0) thrown at [D:\src\AOSP-openjdk-cygwin\jdk8u\hotspot\src\share\vm\prims\jni.cpp, line 710]
Event: 567.829 Thread 0x0000000020be3800 Exception <a 'sun/nio/fs/WindowsException'> (0x00000000e0943200) thrown at [D:\src\AOSP-openjdk-cygwin\jdk8u\hotspot\src\share\vm\prims\jni.cpp, line 710]
Event: 568.234 Thread 0x0000000020be3800 Exception <a 'sun/nio/fs/WindowsException'> (0x00000000e5ca5f40) thrown at [D:\src\AOSP-openjdk-cygwin\jdk8u\hotspot\src\share\vm\prims\jni.cpp, line 710]
Event: 569.020 Thread 0x0000000020be3800 Exception <a 'sun/nio/fs/WindowsException'> (0x00000000ef9c7560) thrown at [D:\src\AOSP-openjdk-cygwin\jdk8u\hotspot\src\share\vm\prims\jni.cpp, line 710]
Event: 569.100 Thread 0x0000000020be4000 Exception <a 'sun/nio/fs/WindowsException'> (0x00000000e7e18028) thrown at [D:\src\AOSP-openjdk-cygwin\jdk8u\hotspot\src\share\vm\prims\jni.cpp, line 710]
Event: 569.102 Thread 0x0000000020be4000 Exception <a 'sun/nio/fs/WindowsException'> (0x00000000e7e1d938) thrown at [D:\src\AOSP-openjdk-cygwin\jdk8u\hotspot\src\share\vm\prims\jni.cpp, line 710]
Event: 569.138 Thread 0x0000000020be4000 Exception <a 'sun/nio/fs/WindowsException'> (0x00000000e7e23208) thrown at [D:\src\AOSP-openjdk-cygwin\jdk8u\hotspot\src\share\vm\prims\jni.cpp, line 710]
Event: 569.964 Thread 0x000000001d5a8000 Exception <a 'sun/nio/fs/WindowsException'> (0x00000000e378eb08) thrown at [D:\src\AOSP-openjdk-cygwin\jdk8u\hotspot\src\share\vm\prims\jni.cpp, line 710]
Event: 570.216 Thread 0x0000000020bdc000 Exception <a 'sun/nio/fs/WindowsException'> (0x00000000e5881618) thrown at [D:\src\AOSP-openjdk-cygwin\jdk8u\hotspot\src\share\vm\prims\jni.cpp, line 710]

Events (10 events):
Event: 574.413 Thread 0x0000000020be4000 DEOPT UNPACKING pc=0x00000000030375d0 sp=0x000000002598bd10 mode 0
Event: 574.554 Thread 0x0000000020be4000 Uncommon trap: trap_request=0xffffff65 fr.pc=0x00000000064ce718
Event: 574.554 Thread 0x0000000020be4000 DEOPT PACKING pc=0x00000000064ce718 sp=0x000000002598bc40
Event: 574.554 Thread 0x0000000020be4000 DEOPT UNPACKING pc=0x000000000303557b sp=0x000000002598bc38 mode 2
Event: 574.671 loading class com/android/build/gradle/internal/res/Aapt2CompileWithBlameRunnable
Event: 574.671 loading class com/android/build/gradle/internal/res/Aapt2CompileWithBlameRunnable done
Event: 574.672 loading class com/android/build/gradle/internal/res/Aapt2CompileWithBlameRunnable$Params
Event: 574.672 loading class com/android/build/gradle/internal/res/Aapt2CompileWithBlameRunnable$Params done
Event: 574.672 Thread 0x000000001fd35800 Thread added: 0x000000001fd35800
Event: 574.673 Thread 0x000000001fd3b000 Thread added: 0x000000001fd3b000


Dynamic libraries:
0x00007ff6612d0000 - 0x00007ff661301000 	C:\Program Files\Android\Android Studio\jre\bin\java.exe
0x00007ffe6f2c0000 - 0x00007ffe6f4b0000 	C:\Windows\SYSTEM32\ntdll.dll
0x00007ffe6ee80000 - 0x00007ffe6ef32000 	C:\Windows\System32\KERNEL32.DLL
0x00007ffe6c7a0000 - 0x00007ffe6ca43000 	C:\Windows\System32\KERNELBASE.dll
0x00007ffe6ec30000 - 0x00007ffe6ecd3000 	C:\Windows\System32\ADVAPI32.dll
0x00007ffe6ed10000 - 0x00007ffe6edae000 	C:\Windows\System32\msvcrt.dll
0x00007ffe6e2f0000 - 0x00007ffe6e387000 	C:\Windows\System32\sechost.dll
0x00007ffe6e960000 - 0x00007ffe6ea80000 	C:\Windows\System32\RPCRT4.dll
0x00007ffe6e0e0000 - 0x00007ffe6e274000 	C:\Windows\System32\USER32.dll
0x00007ffe6c3e0000 - 0x00007ffe6c401000 	C:\Windows\System32\win32u.dll
0x00007ffe6ece0000 - 0x00007ffe6ed06000 	C:\Windows\System32\GDI32.dll
0x00007ffe6c490000 - 0x00007ffe6c624000 	C:\Windows\System32\gdi32full.dll
0x00007ffe6d2d0000 - 0x00007ffe6d36e000 	C:\Windows\System32\msvcp_win.dll
0x00007ffe6ca50000 - 0x00007ffe6cb4a000 	C:\Windows\System32\ucrtbase.dll
0x00007ffe5c8b0000 - 0x00007ffe5cb35000 	C:\Windows\WinSxS\amd64_microsoft.windows.common-controls_6595b64144ccf1df_6.0.18362.592_none_e6c0b1911312be02\COMCTL32.dll
0x00007ffe6dd60000 - 0x00007ffe6e096000 	C:\Windows\System32\combase.dll
0x00007ffe6c410000 - 0x00007ffe6c490000 	C:\Windows\System32\bcryptPrimitives.dll
0x00007ffe6e0b0000 - 0x00007ffe6e0de000 	C:\Windows\System32\IMM32.DLL
0x0000000072d10000 - 0x0000000072de2000 	C:\Program Files\Android\Android Studio\jre\jre\bin\msvcr100.dll
0x0000000072df0000 - 0x0000000073636000 	C:\Program Files\Android\Android Studio\jre\jre\bin\server\jvm.dll
0x00007ffe6e0a0000 - 0x00007ffe6e0a8000 	C:\Windows\System32\PSAPI.DLL
0x00007ffe67080000 - 0x00007ffe67089000 	C:\Windows\SYSTEM32\WSOCK32.dll
0x00007ffe6ea80000 - 0x00007ffe6eaef000 	C:\Windows\System32\WS2_32.dll
0x00007ffe61dc0000 - 0x00007ffe61de4000 	C:\Windows\SYSTEM32\WINMM.dll
0x00007ffe64f80000 - 0x00007ffe64f8a000 	C:\Windows\SYSTEM32\VERSION.dll
0x00007ffe61d90000 - 0x00007ffe61dbd000 	C:\Windows\SYSTEM32\WINMMBASE.dll
0x00007ffe6c390000 - 0x00007ffe6c3da000 	C:\Windows\System32\cfgmgr32.dll
0x00007ffe67730000 - 0x00007ffe6773f000 	C:\Program Files\Android\Android Studio\jre\jre\bin\verify.dll
0x00007ffe4d690000 - 0x00007ffe4d6b9000 	C:\Program Files\Android\Android Studio\jre\jre\bin\java.dll
0x00007ffe5cb40000 - 0x00007ffe5cb56000 	C:\Program Files\Android\Android Studio\jre\jre\bin\zip.dll
0x00007ffe6d370000 - 0x00007ffe6da55000 	C:\Windows\System32\SHELL32.dll
0x00007ffe6e8b0000 - 0x00007ffe6e959000 	C:\Windows\System32\shcore.dll
0x00007ffe6cb50000 - 0x00007ffe6d2cf000 	C:\Windows\System32\windows.storage.dll
0x00007ffe6c210000 - 0x00007ffe6c22f000 	C:\Windows\System32\profapi.dll
0x00007ffe6c1c0000 - 0x00007ffe6c20a000 	C:\Windows\System32\powrprof.dll
0x00007ffe6c190000 - 0x00007ffe6c1a0000 	C:\Windows\System32\UMPDC.dll
0x00007ffe6ef40000 - 0x00007ffe6ef92000 	C:\Windows\System32\shlwapi.dll
0x00007ffe6c1a0000 - 0x00007ffe6c1b1000 	C:\Windows\System32\kernel.appcore.dll
0x00007ffe6c780000 - 0x00007ffe6c797000 	C:\Windows\System32\cryptsp.dll
0x00007ffe5aa80000 - 0x00007ffe5aa9a000 	C:\Program Files\Android\Android Studio\jre\jre\bin\net.dll
0x00007ffe6ba00000 - 0x00007ffe6ba67000 	C:\Windows\system32\mswsock.dll
0x00007ffe56790000 - 0x00007ffe567a1000 	C:\Program Files\Android\Android Studio\jre\jre\bin\nio.dll
0x00007ffe680e0000 - 0x00007ffe680fe000 	C:\Users\bruno\.gradle\native\25\windows-amd64\native-platform.dll
0x00007ffe67090000 - 0x00007ffe6709d000 	C:\Program Files\Android\Android Studio\jre\jre\bin\management.dll
0x00007ffe6b570000 - 0x00007ffe6b5a3000 	C:\Windows\system32\rsaenh.dll
0x00007ffe6c360000 - 0x00007ffe6c386000 	C:\Windows\System32\bcrypt.dll
0x00007ffe6c080000 - 0x00007ffe6c0a5000 	C:\Windows\SYSTEM32\USERENV.dll
0x00007ffe6bbd0000 - 0x00007ffe6bbdc000 	C:\Windows\SYSTEM32\CRYPTBASE.dll
0x00007ffe6b710000 - 0x00007ffe6b74a000 	C:\Windows\SYSTEM32\IPHLPAPI.DLL
0x00007ffe6e3b0000 - 0x00007ffe6e3b8000 	C:\Windows\System32\NSI.dll
0x00007ffe65670000 - 0x00007ffe65686000 	C:\Windows\SYSTEM32\dhcpcsvc6.DLL
0x00007ffe657c0000 - 0x00007ffe657dc000 	C:\Windows\SYSTEM32\dhcpcsvc.DLL
0x00007ffe6b750000 - 0x00007ffe6b81a000 	C:\Windows\SYSTEM32\DNSAPI.dll
0x00007ffe4d660000 - 0x00007ffe4d684000 	C:\Program Files\Android\Android Studio\jre\jre\bin\sunec.dll
0x00007ffe63640000 - 0x00007ffe6364a000 	C:\Windows\System32\rasadhlp.dll
0x00007ffe65220000 - 0x00007ffe65297000 	C:\Windows\System32\fwpuclnt.dll
0x00007ffe64420000 - 0x00007ffe6442b000 	C:\Program Files\Android\Android Studio\jre\jre\bin\sunmscapi.dll
0x00007ffe6c630000 - 0x00007ffe6c779000 	C:\Windows\System32\CRYPT32.dll
0x00007ffe6c230000 - 0x00007ffe6c242000 	C:\Windows\System32\MSASN1.dll
0x00007ffe6b350000 - 0x00007ffe6b381000 	C:\Windows\SYSTEM32\ntmarta.dll

VM Arguments:
jvm_args: -Xmx1536m -Dfile.encoding=windows-1252 -Duser.country=PE -Duser.language=es -Duser.variant 
java_command: org.gradle.launcher.daemon.bootstrap.GradleDaemon 5.1.1
java_class_path (initial): C:\Users\bruno\.gradle\wrapper\dists\gradle-5.1.1-all\97z1ksx6lirer3kbvdnh7jtjg\gradle-5.1.1\lib\gradle-launcher-5.1.1.jar
Launcher Type: SUN_STANDARD

Environment Variables:
PATH=C:\Program Files (x86)\Common Files\Oracle\Java\javapath;C:\Windows\system32;C:\Windows;C:\Windows\System32\Wbem;C:\Windows\System32\WindowsPowerShell\v1.0\;C:\Windows\System32\OpenSSH\;C:\Program Files\Git\cmd;C:\Users\bruno\AppData\Local\Microsoft\WindowsApps;;C:\Users\bruno\AppData\Local\Programs\Microsoft VS Code\bin
USERNAME=bruno
OS=Windows_NT
PROCESSOR_IDENTIFIER=Intel64 Family 6 Model 142 Stepping 9, GenuineIntel



---------------  S Y S T E M  ---------------

OS: Windows 10.0 , 64 bit Build 18362 (10.0.18362.329)

CPU:total 4 (initial active 4) (2 cores per cpu, 2 threads per core) family 6 model 142 stepping 9, cmov, cx8, fxsr, mmx, sse, sse2, sse3, ssse3, sse4.1, sse4.2, popcnt, avx, avx2, aes, clmul, erms, 3dnowpref, lzcnt, ht, tsc, tscinvbit, bmi1, bmi2, adx

Memory: 4k page, physical 12480740k(2957408k free), swap 41756768k(680k free)

vm_info: OpenJDK 64-Bit Server VM (25.202-b03) for windows-amd64 JRE (1.8.0_202-release-1483-b03), built by "builder" with MS VC++ 10.0 (VS2010)

time: Sat Jan 18 18:09:22 2020
timezone: Hora est. Pacífico, Sudamérica
elapsed time: 574 seconds (0d 0h 9m 34s)

